d:\school\algoritmerochdatastrukturer\lab\assignment1\assignment1\debug\assignment.pch
d:\school\algoritmerochdatastrukturer\lab\assignment1\assignment1\debug\vc141.pdb
d:\school\algoritmerochdatastrukturer\lab\assignment1\assignment1\debug\vc141.idb
d:\school\algoritmerochdatastrukturer\lab\assignment1\assignment1\debug\pch.obj
d:\school\algoritmerochdatastrukturer\lab\assignment1\assignment1\debug\bucketsort.obj
d:\school\algoritmerochdatastrukturer\lab\assignment1\assignment1\debug\program.obj
d:\school\algoritmerochdatastrukturer\lab\assignment1\assignment1\debug\optioninput.obj
d:\school\algoritmerochdatastrukturer\lab\assignment1\assignment1\debug\insertionsort.obj
d:\school\algoritmerochdatastrukturer\lab\assignment1\assignment1\debug\graph.obj
d:\school\algoritmerochdatastrukturer\lab\assignment1\assignment1\debug\exercise.obj
d:\school\algoritmerochdatastrukturer\lab\assignment1\assignment1\debug\bubblesort.obj
d:\school\algoritmerochdatastrukturer\lab\assignment1\assignment1\debug\assignment.obj
d:\school\algoritmerochdatastrukturer\lab\assignment1\assignment1\debug\adveseriesgraph.obj
d:\school\algoritmerochdatastrukturer\lab\assignment1\debug\assignment.ilk
d:\school\algoritmerochdatastrukturer\lab\assignment1\debug\assignment.exe
d:\school\algoritmerochdatastrukturer\lab\assignment1\debug\assignment.pdb
d:\school\algoritmerochdatastrukturer\lab\assignment1\assignment1\debug\assignment.res
d:\school\algoritmerochdatastrukturer\lab\assignment1\assignment1\debug\assignment.tlog\cl.command.1.tlog
d:\school\algoritmerochdatastrukturer\lab\assignment1\assignment1\debug\assignment.tlog\cl.read.1.tlog
d:\school\algoritmerochdatastrukturer\lab\assignment1\assignment1\debug\assignment.tlog\cl.write.1.tlog
d:\school\algoritmerochdatastrukturer\lab\assignment1\assignment1\debug\assignment.tlog\link.command.1.tlog
d:\school\algoritmerochdatastrukturer\lab\assignment1\assignment1\debug\assignment.tlog\link.read.1.tlog
d:\school\algoritmerochdatastrukturer\lab\assignment1\assignment1\debug\assignment.tlog\link.write.1.tlog
d:\school\algoritmerochdatastrukturer\lab\assignment1\assignment1\debug\assignment.tlog\rc.command.1.tlog
d:\school\algoritmerochdatastrukturer\lab\assignment1\assignment1\debug\assignment.tlog\rc.read.1.tlog
d:\school\algoritmerochdatastrukturer\lab\assignment1\assignment1\debug\assignment.tlog\rc.write.1.tlog
